[2025-12-20 21:00:43] local.ERROR: Failed to authenticate on SMTP server with username "mercadocreativo@gmail.com" using 3 possible authenticators. Authenticator LOGIN returned Expected response code 235 but got code "535", with message "535-5.7.8 Username and Password not accepted. For more information, go to
535 5.7.8  https://support.google.com/mail/?p=BadCredentials ada2fe7eead31-5eb1ac94ed0sm1990007137.14 - gsmtp
". Authenticator PLAIN returned Expected response code 235 but got code "535", with message "535-5.7.8 Username and Password not accepted. For more information, go to
535 5.7.8  https://support.google.com/mail/?p=BadCredentials ada2fe7eead31-5eb1ac94ed0sm1990007137.14 - gsmtp
". Authenticator XOAUTH2 returned Expected response code 250 but got code "535", with message "535-5.7.8 Username and Password not accepted. For more information, go to
535 5.7.8  https://support.google.com/mail/?p=BadCredentials ada2fe7eead31-5eb1ac94ed0sm1990007137.14 - gsmtp
". {"exception":"[object] (Swift_TransportException(code: 0): Failed to authenticate on SMTP server with username \"mercadocreativo@gmail.com\" using 3 possible authenticators. Authenticator LOGIN returned Expected response code 235 but got code \"535\", with message \"535-5.7.8 Username and Password not accepted. For more information, go to

535 5.7.8  https://support.google.com/mail/?p=BadCredentials ada2fe7eead31-5eb1ac94ed0sm1990007137.14 - gsmtp

\". Authenticator PLAIN returned Expected response code 235 but got code \"535\", with message \"535-5.7.8 Username and Password not accepted. For more information, go to

535 5.7.8  https://support.google.com/mail/?p=BadCredentials ada2fe7eead31-5eb1ac94ed0sm1990007137.14 - gsmtp

\". Authenticator XOAUTH2 returned Expected response code 250 but got code \"535\", with message \"535-5.7.8 Username and Password not accepted. For more information, go to

535 5.7.8  https://support.google.com/mail/?p=BadCredentials ada2fe7eead31-5eb1ac94ed0sm1990007137.14 - gsmtp

\". at /Applications/MAMP/htdocs/proyectos/aplicaciones web/Angular/ticketsApp/backend-api-tickets/vendor/swiftmailer/swiftmailer/lib/classes/Swift/Transport/Esmtp/AuthHandler.php:191)
[stacktrace]
#0 /Applications/MAMP/htdocs/proyectos/aplicaciones web/Angular/ticketsApp/backend-api-tickets/vendor/swiftmailer/swiftmailer/lib/classes/Swift/Transport/EsmtpTransport.php(371): Swift_Transport_Esmtp_AuthHandler->afterEhlo(Object(Swift_SmtpTransport))
#1 /Applications/MAMP/htdocs/proyectos/aplicaciones web/Angular/ticketsApp/backend-api-tickets/vendor/swiftmailer/swiftmailer/lib/classes/Swift/Transport/AbstractSmtpTransport.php(148): Swift_Transport_EsmtpTransport->doHeloCommand()
#2 /Applications/MAMP/htdocs/proyectos/aplicaciones web/Angular/ticketsApp/backend-api-tickets/vendor/swiftmailer/swiftmailer/lib/classes/Swift/Mailer.php(65): Swift_Transport_AbstractSmtpTransport->start()
#3 /Applications/MAMP/htdocs/proyectos/aplicaciones web/Angular/ticketsApp/backend-api-tickets/vendor/laravel/framework/src/Illuminate/Mail/Mailer.php(521): Swift_Mailer->send(Object(Swift_Message), Array)
#4 /Applications/MAMP/htdocs/proyectos/aplicaciones web/Angular/ticketsApp/backend-api-tickets/vendor/laravel/framework/src/Illuminate/Mail/Mailer.php(288): Illuminate\\Mail\\Mailer->sendSwiftMessage(Object(Swift_Message))
#5 /Applications/MAMP/htdocs/proyectos/aplicaciones web/Angular/ticketsApp/backend-api-tickets/vendor/laravel/framework/src/Illuminate/Mail/Mailable.php(181): Illuminate\\Mail\\Mailer->send(Object(Illuminate\\Support\\HtmlString), Array, Object(Closure))
#6 /Applications/MAMP/htdocs/proyectos/aplicaciones web/Angular/ticketsApp/backend-api-tickets/vendor/laravel/framework/src/Illuminate/Support/Traits/Localizable.php(19): Illuminate\\Mail\\Mailable->{closure:Illuminate\\Mail\\Mailable::send():174}()
#7 /Applications/MAMP/htdocs/proyectos/aplicaciones web/Angular/ticketsApp/backend-api-tickets/vendor/laravel/framework/src/Illuminate/Mail/Mailable.php(174): Illuminate\\Mail\\Mailable->withLocale(NULL, Object(Closure))
#8 /Applications/MAMP/htdocs/proyectos/aplicaciones web/Angular/ticketsApp/backend-api-tickets/vendor/laravel/framework/src/Illuminate/Mail/Mailer.php(304): Illuminate\\Mail\\Mailable->send(Object(Illuminate\\Mail\\Mailer))
#9 /Applications/MAMP/htdocs/proyectos/aplicaciones web/Angular/ticketsApp/backend-api-tickets/vendor/laravel/framework/src/Illuminate/Mail/Mailer.php(258): Illuminate\\Mail\\Mailer->sendMailable(Object(App\\Mail\\NewInvitationMail))
#10 /Applications/MAMP/htdocs/proyectos/aplicaciones web/Angular/ticketsApp/backend-api-tickets/vendor/laravel/framework/src/Illuminate/Mail/PendingMail.php(124): Illuminate\\Mail\\Mailer->send(Object(App\\Mail\\NewInvitationMail))
#11 /Applications/MAMP/htdocs/proyectos/aplicaciones web/Angular/ticketsApp/backend-api-tickets/app/Http/Controllers/RepresentanteController.php(228): Illuminate\\Mail\\PendingMail->send(Object(App\\Mail\\NewInvitationMail))
#12 /Applications/MAMP/htdocs/proyectos/aplicaciones web/Angular/ticketsApp/backend-api-tickets/vendor/laravel/framework/src/Illuminate/Routing/Controller.php(54): App\\Http\\Controllers\\RepresentanteController->invitarCliente(Object(Illuminate\\Http\\Request))
#13 /Applications/MAMP/htdocs/proyectos/aplicaciones web/Angular/ticketsApp/backend-api-tickets/vendor/laravel/framework/src/Illuminate/Routing/ControllerDispatcher.php(45): Illuminate\\Routing\\Controller->callAction('invitarCliente', Array)
#14 /Applications/MAMP/htdocs/proyectos/aplicaciones web/Angular/ticketsApp/backend-api-tickets/vendor/laravel/framework/src/Illuminate/Routing/Route.php(261): Illuminate\\Routing\\ControllerDispatcher->dispatch(Object(Illuminate\\Routing\\Route), Object(App\\Http\\Controllers\\RepresentanteController), 'invitarCliente')
#15 /Applications/MAMP/htdocs/proyectos/aplicaciones web/Angular/ticketsApp/backend-api-tickets/vendor/laravel/framework/src/Illuminate/Routing/Route.php(205): Illuminate\\Routing\\Route->runController()
#16 /Applications/MAMP/htdocs/proyectos/aplicaciones web/Angular/ticketsApp/backend-api-tickets/vendor/laravel/framework/src/Illuminate/Routing/Router.php(721): Illuminate\\Routing\\Route->run()
#17 /Applications/MAMP/htdocs/proyectos/aplicaciones web/Angular/ticketsApp/backend-api-tickets/vendor/laravel/framework/src/Illuminate/Pipeline/Pipeline.php(128): Illuminate\\Routing\\Router->{closure:Illuminate\\Routing\\Router::runRouteWithinStack():719}(Object(Illuminate\\Http\\Request))
#18 /Applications/MAMP/htdocs/proyectos/aplicaciones web/Angular/ticketsApp/backend-api-tickets/vendor/laravel/framework/src/Illuminate/Routing/Middleware/SubstituteBindings.php(50): Illuminate\\Pipeline\\Pipeline->{closure:Illuminate\\Pipeline\\Pipeline::prepareDestination():126}(Object(Illuminate\\Http\\Request))
#19 /Applications/MAMP/htdocs/proyectos/aplicaciones web/Angular/ticketsApp/backend-api-tickets/vendor/laravel/framework/src/Illuminate/Pipeline/Pipeline.php(167): Illuminate\\Routing\\Middleware\\SubstituteBindings->handle(Object(Illuminate\\Http\\Request), Object(Closure))
#20 /Applications/MAMP/htdocs/proyectos/aplicaciones web/Angular/ticketsApp/backend-api-tickets/vendor/laravel/framework/src/Illuminate/Routing/Middleware/ThrottleRequests.php(127): Illuminate\\Pipeline\\Pipeline->{closure:{closure:Illuminate\\Pipeline\\Pipeline::carry():142}:143}(Object(Illuminate\\Http\\Request))
#21 /Applications/MAMP/htdocs/proyectos/aplicaciones web/Angular/ticketsApp/backend-api-tickets/vendor/laravel/framework/src/Illuminate/Routing/Middleware/ThrottleRequests.php(93): Illuminate\\Routing\\Middleware\\ThrottleRequests->handleRequest(Object(Illuminate\\Http\\Request), Object(Closure), Array)
#22 /Applications/MAMP/htdocs/proyectos/aplicaciones web/Angular/ticketsApp/backend-api-tickets/vendor/laravel/framework/src/Illuminate/Routing/Middleware/ThrottleRequests.php(55): Illuminate\\Routing\\Middleware\\ThrottleRequests->handleRequestUsingNamedLimiter(Object(Illuminate\\Http\\Request), Object(Closure), 'api', Object(Closure))
#23 /Applications/MAMP/htdocs/proyectos/aplicaciones web/Angular/ticketsApp/backend-api-tickets/vendor/laravel/framework/src/Illuminate/Pipeline/Pipeline.php(167): Illuminate\\Routing\\Middleware\\ThrottleRequests->handle(Object(Illuminate\\Http\\Request), Object(Closure), 'api')
#24 /Applications/MAMP/htdocs/proyectos/aplicaciones web/Angular/ticketsApp/backend-api-tickets/vendor/laravel/framework/src/Illuminate/Pipeline/Pipeline.php(103): Illuminate\\Pipeline\\Pipeline->{closure:{closure:Illuminate\\Pipeline\\Pipeline::carry():142}:143}(Object(Illuminate\\Http\\Request))
#25 /Applications/MAMP/htdocs/proyectos/aplicaciones web/Angular/ticketsApp/backend-api-tickets/vendor/laravel/framework/src/Illuminate/Routing/Router.php(719): Illuminate\\Pipeline\\Pipeline->then(Object(Closure))
#26 /Applications/MAMP/htdocs/proyectos/aplicaciones web/Angular/ticketsApp/backend-api-tickets/vendor/laravel/framework/src/Illuminate/Routing/Router.php(698): Illuminate\\Routing\\Router->runRouteWithinStack(Object(Illuminate\\Routing\\Route), Object(Illuminate\\Http\\Request))
#27 /Applications/MAMP/htdocs/proyectos/aplicaciones web/Angular/ticketsApp/backend-api-tickets/vendor/laravel/framework/src/Illuminate/Routing/Router.php(662): Illuminate\\Routing\\Router->runRoute(Object(Illuminate\\Http\\Request), Object(Illuminate\\Routing\\Route))
#28 /Applications/MAMP/htdocs/proyectos/aplicaciones web/Angular/ticketsApp/backend-api-tickets/vendor/laravel/framework/src/Illuminate/Routing/Router.php(651): Illuminate\\Routing\\Router->dispatchToRoute(Object(Illuminate\\Http\\Request))
#29 /Applications/MAMP/htdocs/proyectos/aplicaciones web/Angular/ticketsApp/backend-api-tickets/vendor/laravel/framework/src/Illuminate/Foundation/Http/Kernel.php(167): Illuminate\\Routing\\Router->dispatch(Object(Illuminate\\Http\\Request))
#30 /Applications/MAMP/htdocs/proyectos/aplicaciones web/Angular/ticketsApp/backend-api-tickets/vendor/laravel/framework/src/Illuminate/Pipeline/Pipeline.php(128): Illuminate\\Foundation\\Http\\Kernel->{closure:Illuminate\\Foundation\\Http\\Kernel::dispatchToRouter():164}(Object(Illuminate\\Http\\Request))
#31 /Applications/MAMP/htdocs/proyectos/aplicaciones web/Angular/ticketsApp/backend-api-tickets/vendor/laravel/framework/src/Illuminate/Foundation/Http/Middleware/TransformsRequest.php(21): Illuminate\\Pipeline\\Pipeline->{closure:Illuminate\\Pipeline\\Pipeline::prepareDestination():126}(Object(Illuminate\\Http\\Request))
#32 /Applications/MAMP/htdocs/proyectos/aplicaciones web/Angular/ticketsApp/backend-api-tickets/vendor/laravel/framework/src/Illuminate/Foundation/Http/Middleware/ConvertEmptyStringsToNull.php(31): Illuminate\\Foundation\\Http\\Middleware\\TransformsRequest->handle(Object(Illuminate\\Http\\Request), Object(Closure))
#33 /Applications/MAMP/htdocs/proyectos/aplicaciones web/Angular/ticketsApp/backend-api-tickets/vendor/laravel/framework/src/Illuminate/Pipeline/Pipeline.php(167): Illuminate\\Foundation\\Http\\Middleware\\ConvertEmptyStringsToNull->handle(Object(Illuminate\\Http\\Request), Object(Closure))
#34 /Applications/MAMP/htdocs/proyectos/aplicaciones web/Angular/ticketsApp/backend-api-tickets/vendor/laravel/framework/src/Illuminate/Foundation/Http/Middleware/TransformsRequest.php(21): Illuminate\\Pipeline\\Pipeline->{closure:{closure:Illuminate\\Pipeline\\Pipeline::carry():142}:143}(Object(Illuminate\\Http\\Request))
#35 /Applications/MAMP/htdocs/proyectos/aplicaciones web/Angular/ticketsApp/backend-api-tickets/vendor/laravel/framework/src/Illuminate/Foundation/Http/Middleware/TrimStrings.php(40): Illuminate\\Foundation\\Http\\Middleware\\TransformsRequest->handle(Object(Illuminate\\Http\\Request), Object(Closure))
#36 /Applications/MAMP/htdocs/proyectos/aplicaciones web/Angular/ticketsApp/backend-api-tickets/vendor/laravel/framework/src/Illuminate/Pipeline/Pipeline.php(167): Illuminate\\Foundation\\Http\\Middleware\\TrimStrings->handle(Object(Illuminate\\Http\\Request), Object(Closure))
#37 /Applications/MAMP/htdocs/proyectos/aplicaciones web/Angular/ticketsApp/backend-api-tickets/vendor/laravel/framework/src/Illuminate/Foundation/Http/Middleware/ValidatePostSize.php(27): Illuminate\\Pipeline\\Pipeline->{closure:{closure:Illuminate\\Pipeline\\Pipeline::carry():142}:143}(Object(Illuminate\\Http\\Request))
#38 /Applications/MAMP/htdocs/proyectos/aplicaciones web/Angular/ticketsApp/backend-api-tickets/vendor/laravel/framework/src/Illuminate/Pipeline/Pipeline.php(167): Illuminate\\Foundation\\Http\\Middleware\\ValidatePostSize->handle(Object(Illuminate\\Http\\Request), Object(Closure))
#39 /Applications/MAMP/htdocs/proyectos/aplicaciones web/Angular/ticketsApp/backend-api-tickets/vendor/laravel/framework/src/Illuminate/Foundation/Http/Middleware/PreventRequestsDuringMaintenance.php(86): Illuminate\\Pipeline\\Pipeline->{closure:{closure:Illuminate\\Pipeline\\Pipeline::carry():142}:143}(Object(Illuminate\\Http\\Request))
#40 /Applications/MAMP/htdocs/proyectos/aplicaciones web/Angular/ticketsApp/backend-api-tickets/vendor/laravel/framework/src/Illuminate/Pipeline/Pipeline.php(167): Illuminate\\Foundation\\Http\\Middleware\\PreventRequestsDuringMaintenance->handle(Object(Illuminate\\Http\\Request), Object(Closure))
#41 /Applications/MAMP/htdocs/proyectos/aplicaciones web/Angular/ticketsApp/backend-api-tickets/vendor/fruitcake/laravel-cors/src/HandleCors.php(52): Illuminate\\Pipeline\\Pipeline->{closure:{closure:Illuminate\\Pipeline\\Pipeline::carry():142}:143}(Object(Illuminate\\Http\\Request))
#42 /Applications/MAMP/htdocs/proyectos/aplicaciones web/Angular/ticketsApp/backend-api-tickets/vendor/laravel/framework/src/Illuminate/Pipeline/Pipeline.php(167): Fruitcake\\Cors\\HandleCors->handle(Object(Illuminate\\Http\\Request), Object(Closure))
#43 /Applications/MAMP/htdocs/proyectos/aplicaciones web/Angular/ticketsApp/backend-api-tickets/vendor/laravel/framework/src/Illuminate/Http/Middleware/TrustProxies.php(39): Illuminate\\Pipeline\\Pipeline->{closure:{closure:Illuminate\\Pipeline\\Pipeline::carry():142}:143}(Object(Illuminate\\Http\\Request))
#44 /Applications/MAMP/htdocs/proyectos/aplicaciones web/Angular/ticketsApp/backend-api-tickets/vendor/laravel/framework/src/Illuminate/Pipeline/Pipeline.php(167): Illuminate\\Http\\Middleware\\TrustProxies->handle(Object(Illuminate\\Http\\Request), Object(Closure))
#45 /Applications/MAMP/htdocs/proyectos/aplicaciones web/Angular/ticketsApp/backend-api-tickets/vendor/laravel/framework/src/Illuminate/Pipeline/Pipeline.php(103): Illuminate\\Pipeline\\Pipeline->{closure:{closure:Illuminate\\Pipeline\\Pipeline::carry():142}:143}(Object(Illuminate\\Http\\Request))
#46 /Applications/MAMP/htdocs/proyectos/aplicaciones web/Angular/ticketsApp/backend-api-tickets/vendor/laravel/framework/src/Illuminate/Foundation/Http/Kernel.php(142): Illuminate\\Pipeline\\Pipeline->then(Object(Closure))
#47 /Applications/MAMP/htdocs/proyectos/aplicaciones web/Angular/ticketsApp/backend-api-tickets/vendor/laravel/framework/src/Illuminate/Foundation/Http/Kernel.php(111): Illuminate\\Foundation\\Http\\Kernel->sendRequestThroughRouter(Object(Illuminate\\Http\\Request))
#48 /Applications/MAMP/htdocs/proyectos/aplicaciones web/Angular/ticketsApp/backend-api-tickets/public/index.php(51): Illuminate\\Foundation\\Http\\Kernel->handle(Object(Illuminate\\Http\\Request))
#49 /Applications/MAMP/htdocs/proyectos/aplicaciones web/Angular/ticketsApp/backend-api-tickets/server.php(21): require_once('/Applications/M...')
#50 {main}
"} 
[2025-12-20 21:04:57] local.ERROR: Failed to authenticate on SMTP server with username "mercadocreativo@gmail.com" using 3 possible authenticators. Authenticator LOGIN returned Expected response code 235 but got code "535", with message "535-5.7.8 Username and Password not accepted. For more information, go to
535 5.7.8  https://support.google.com/mail/?p=BadCredentials ada2fe7eead31-5eb1aad0d1csm2036133137.7 - gsmtp
". Authenticator PLAIN returned Expected response code 235 but got code "535", with message "535-5.7.8 Username and Password not accepted. For more information, go to
535 5.7.8  https://support.google.com/mail/?p=BadCredentials ada2fe7eead31-5eb1aad0d1csm2036133137.7 - gsmtp
". Authenticator XOAUTH2 returned Expected response code 250 but got code "535", with message "535-5.7.8 Username and Password not accepted. For more information, go to
535 5.7.8  https://support.google.com/mail/?p=BadCredentials ada2fe7eead31-5eb1aad0d1csm2036133137.7 - gsmtp
". {"exception":"[object] (Swift_TransportException(code: 0): Failed to authenticate on SMTP server with username \"mercadocreativo@gmail.com\" using 3 possible authenticators. Authenticator LOGIN returned Expected response code 235 but got code \"535\", with message \"535-5.7.8 Username and Password not accepted. For more information, go to

535 5.7.8  https://support.google.com/mail/?p=BadCredentials ada2fe7eead31-5eb1aad0d1csm2036133137.7 - gsmtp

\". Authenticator PLAIN returned Expected response code 235 but got code \"535\", with message \"535-5.7.8 Username and Password not accepted. For more information, go to

535 5.7.8  https://support.google.com/mail/?p=BadCredentials ada2fe7eead31-5eb1aad0d1csm2036133137.7 - gsmtp

\". Authenticator XOAUTH2 returned Expected response code 250 but got code \"535\", with message \"535-5.7.8 Username and Password not accepted. For more information, go to

535 5.7.8  https://support.google.com/mail/?p=BadCredentials ada2fe7eead31-5eb1aad0d1csm2036133137.7 - gsmtp

\". at /Applications/MAMP/htdocs/proyectos/aplicaciones web/Angular/ticketsApp/backend-api-tickets/vendor/swiftmailer/swiftmailer/lib/classes/Swift/Transport/Esmtp/AuthHandler.php:191)
[stacktrace]
#0 /Applications/MAMP/htdocs/proyectos/aplicaciones web/Angular/ticketsApp/backend-api-tickets/vendor/swiftmailer/swiftmailer/lib/classes/Swift/Transport/EsmtpTransport.php(371): Swift_Transport_Esmtp_AuthHandler->afterEhlo(Object(Swift_SmtpTransport))
#1 /Applications/MAMP/htdocs/proyectos/aplicaciones web/Angular/ticketsApp/backend-api-tickets/vendor/swiftmailer/swiftmailer/lib/classes/Swift/Transport/AbstractSmtpTransport.php(148): Swift_Transport_EsmtpTransport->doHeloCommand()
#2 /Applications/MAMP/htdocs/proyectos/aplicaciones web/Angular/ticketsApp/backend-api-tickets/vendor/swiftmailer/swiftmailer/lib/classes/Swift/Mailer.php(65): Swift_Transport_AbstractSmtpTransport->start()
#3 /Applications/MAMP/htdocs/proyectos/aplicaciones web/Angular/ticketsApp/backend-api-tickets/vendor/laravel/framework/src/Illuminate/Mail/Mailer.php(521): Swift_Mailer->send(Object(Swift_Message), Array)
#4 /Applications/MAMP/htdocs/proyectos/aplicaciones web/Angular/ticketsApp/backend-api-tickets/vendor/laravel/framework/src/Illuminate/Mail/Mailer.php(288): Illuminate\\Mail\\Mailer->sendSwiftMessage(Object(Swift_Message))
#5 /Applications/MAMP/htdocs/proyectos/aplicaciones web/Angular/ticketsApp/backend-api-tickets/vendor/laravel/framework/src/Illuminate/Mail/Mailable.php(181): Illuminate\\Mail\\Mailer->send(Object(Illuminate\\Support\\HtmlString), Array, Object(Closure))
#6 /Applications/MAMP/htdocs/proyectos/aplicaciones web/Angular/ticketsApp/backend-api-tickets/vendor/laravel/framework/src/Illuminate/Support/Traits/Localizable.php(19): Illuminate\\Mail\\Mailable->{closure:Illuminate\\Mail\\Mailable::send():174}()
#7 /Applications/MAMP/htdocs/proyectos/aplicaciones web/Angular/ticketsApp/backend-api-tickets/vendor/laravel/framework/src/Illuminate/Mail/Mailable.php(174): Illuminate\\Mail\\Mailable->withLocale(NULL, Object(Closure))
#8 /Applications/MAMP/htdocs/proyectos/aplicaciones web/Angular/ticketsApp/backend-api-tickets/vendor/laravel/framework/src/Illuminate/Mail/Mailer.php(304): Illuminate\\Mail\\Mailable->send(Object(Illuminate\\Mail\\Mailer))
#9 /Applications/MAMP/htdocs/proyectos/aplicaciones web/Angular/ticketsApp/backend-api-tickets/vendor/laravel/framework/src/Illuminate/Mail/Mailer.php(258): Illuminate\\Mail\\Mailer->sendMailable(Object(App\\Mail\\NewInvitationMail))
#10 /Applications/MAMP/htdocs/proyectos/aplicaciones web/Angular/ticketsApp/backend-api-tickets/vendor/laravel/framework/src/Illuminate/Mail/PendingMail.php(124): Illuminate\\Mail\\Mailer->send(Object(App\\Mail\\NewInvitationMail))
#11 /Applications/MAMP/htdocs/proyectos/aplicaciones web/Angular/ticketsApp/backend-api-tickets/app/Http/Controllers/RepresentanteController.php(228): Illuminate\\Mail\\PendingMail->send(Object(App\\Mail\\NewInvitationMail))
#12 /Applications/MAMP/htdocs/proyectos/aplicaciones web/Angular/ticketsApp/backend-api-tickets/vendor/laravel/framework/src/Illuminate/Routing/Controller.php(54): App\\Http\\Controllers\\RepresentanteController->invitarCliente(Object(Illuminate\\Http\\Request))
#13 /Applications/MAMP/htdocs/proyectos/aplicaciones web/Angular/ticketsApp/backend-api-tickets/vendor/laravel/framework/src/Illuminate/Routing/ControllerDispatcher.php(45): Illuminate\\Routing\\Controller->callAction('invitarCliente', Array)
#14 /Applications/MAMP/htdocs/proyectos/aplicaciones web/Angular/ticketsApp/backend-api-tickets/vendor/laravel/framework/src/Illuminate/Routing/Route.php(261): Illuminate\\Routing\\ControllerDispatcher->dispatch(Object(Illuminate\\Routing\\Route), Object(App\\Http\\Controllers\\RepresentanteController), 'invitarCliente')
#15 /Applications/MAMP/htdocs/proyectos/aplicaciones web/Angular/ticketsApp/backend-api-tickets/vendor/laravel/framework/src/Illuminate/Routing/Route.php(205): Illuminate\\Routing\\Route->runController()
#16 /Applications/MAMP/htdocs/proyectos/aplicaciones web/Angular/ticketsApp/backend-api-tickets/vendor/laravel/framework/src/Illuminate/Routing/Router.php(721): Illuminate\\Routing\\Route->run()
#17 /Applications/MAMP/htdocs/proyectos/aplicaciones web/Angular/ticketsApp/backend-api-tickets/vendor/laravel/framework/src/Illuminate/Pipeline/Pipeline.php(128): Illuminate\\Routing\\Router->{closure:Illuminate\\Routing\\Router::runRouteWithinStack():719}(Object(Illuminate\\Http\\Request))
#18 /Applications/MAMP/htdocs/proyectos/aplicaciones web/Angular/ticketsApp/backend-api-tickets/vendor/laravel/framework/src/Illuminate/Routing/Middleware/SubstituteBindings.php(50): Illuminate\\Pipeline\\Pipeline->{closure:Illuminate\\Pipeline\\Pipeline::prepareDestination():126}(Object(Illuminate\\Http\\Request))
#19 /Applications/MAMP/htdocs/proyectos/aplicaciones web/Angular/ticketsApp/backend-api-tickets/vendor/laravel/framework/src/Illuminate/Pipeline/Pipeline.php(167): Illuminate\\Routing\\Middleware\\SubstituteBindings->handle(Object(Illuminate\\Http\\Request), Object(Closure))
#20 /Applications/MAMP/htdocs/proyectos/aplicaciones web/Angular/ticketsApp/backend-api-tickets/vendor/laravel/framework/src/Illuminate/Routing/Middleware/ThrottleRequests.php(127): Illuminate\\Pipeline\\Pipeline->{closure:{closure:Illuminate\\Pipeline\\Pipeline::carry():142}:143}(Object(Illuminate\\Http\\Request))
#21 /Applications/MAMP/htdocs/proyectos/aplicaciones web/Angular/ticketsApp/backend-api-tickets/vendor/laravel/framework/src/Illuminate/Routing/Middleware/ThrottleRequests.php(93): Illuminate\\Routing\\Middleware\\ThrottleRequests->handleRequest(Object(Illuminate\\Http\\Request), Object(Closure), Array)
#22 /Applications/MAMP/htdocs/proyectos/aplicaciones web/Angular/ticketsApp/backend-api-tickets/vendor/laravel/framework/src/Illuminate/Routing/Middleware/ThrottleRequests.php(55): Illuminate\\Routing\\Middleware\\ThrottleRequests->handleRequestUsingNamedLimiter(Object(Illuminate\\Http\\Request), Object(Closure), 'api', Object(Closure))
#23 /Applications/MAMP/htdocs/proyectos/aplicaciones web/Angular/ticketsApp/backend-api-tickets/vendor/laravel/framework/src/Illuminate/Pipeline/Pipeline.php(167): Illuminate\\Routing\\Middleware\\ThrottleRequests->handle(Object(Illuminate\\Http\\Request), Object(Closure), 'api')
#24 /Applications/MAMP/htdocs/proyectos/aplicaciones web/Angular/ticketsApp/backend-api-tickets/vendor/laravel/framework/src/Illuminate/Pipeline/Pipeline.php(103): Illuminate\\Pipeline\\Pipeline->{closure:{closure:Illuminate\\Pipeline\\Pipeline::carry():142}:143}(Object(Illuminate\\Http\\Request))
#25 /Applications/MAMP/htdocs/proyectos/aplicaciones web/Angular/ticketsApp/backend-api-tickets/vendor/laravel/framework/src/Illuminate/Routing/Router.php(719): Illuminate\\Pipeline\\Pipeline->then(Object(Closure))
#26 /Applications/MAMP/htdocs/proyectos/aplicaciones web/Angular/ticketsApp/backend-api-tickets/vendor/laravel/framework/src/Illuminate/Routing/Router.php(698): Illuminate\\Routing\\Router->runRouteWithinStack(Object(Illuminate\\Routing\\Route), Object(Illuminate\\Http\\Request))
#27 /Applications/MAMP/htdocs/proyectos/aplicaciones web/Angular/ticketsApp/backend-api-tickets/vendor/laravel/framework/src/Illuminate/Routing/Router.php(662): Illuminate\\Routing\\Router->runRoute(Object(Illuminate\\Http\\Request), Object(Illuminate\\Routing\\Route))
#28 /Applications/MAMP/htdocs/proyectos/aplicaciones web/Angular/ticketsApp/backend-api-tickets/vendor/laravel/framework/src/Illuminate/Routing/Router.php(651): Illuminate\\Routing\\Router->dispatchToRoute(Object(Illuminate\\Http\\Request))
#29 /Applications/MAMP/htdocs/proyectos/aplicaciones web/Angular/ticketsApp/backend-api-tickets/vendor/laravel/framework/src/Illuminate/Foundation/Http/Kernel.php(167): Illuminate\\Routing\\Router->dispatch(Object(Illuminate\\Http\\Request))
#30 /Applications/MAMP/htdocs/proyectos/aplicaciones web/Angular/ticketsApp/backend-api-tickets/vendor/laravel/framework/src/Illuminate/Pipeline/Pipeline.php(128): Illuminate\\Foundation\\Http\\Kernel->{closure:Illuminate\\Foundation\\Http\\Kernel::dispatchToRouter():164}(Object(Illuminate\\Http\\Request))
#31 /Applications/MAMP/htdocs/proyectos/aplicaciones web/Angular/ticketsApp/backend-api-tickets/vendor/laravel/framework/src/Illuminate/Foundation/Http/Middleware/TransformsRequest.php(21): Illuminate\\Pipeline\\Pipeline->{closure:Illuminate\\Pipeline\\Pipeline::prepareDestination():126}(Object(Illuminate\\Http\\Request))
#32 /Applications/MAMP/htdocs/proyectos/aplicaciones web/Angular/ticketsApp/backend-api-tickets/vendor/laravel/framework/src/Illuminate/Foundation/Http/Middleware/ConvertEmptyStringsToNull.php(31): Illuminate\\Foundation\\Http\\Middleware\\TransformsRequest->handle(Object(Illuminate\\Http\\Request), Object(Closure))
#33 /Applications/MAMP/htdocs/proyectos/aplicaciones web/Angular/ticketsApp/backend-api-tickets/vendor/laravel/framework/src/Illuminate/Pipeline/Pipeline.php(167): Illuminate\\Foundation\\Http\\Middleware\\ConvertEmptyStringsToNull->handle(Object(Illuminate\\Http\\Request), Object(Closure))
#34 /Applications/MAMP/htdocs/proyectos/aplicaciones web/Angular/ticketsApp/backend-api-tickets/vendor/laravel/framework/src/Illuminate/Foundation/Http/Middleware/TransformsRequest.php(21): Illuminate\\Pipeline\\Pipeline->{closure:{closure:Illuminate\\Pipeline\\Pipeline::carry():142}:143}(Object(Illuminate\\Http\\Request))
#35 /Applications/MAMP/htdocs/proyectos/aplicaciones web/Angular/ticketsApp/backend-api-tickets/vendor/laravel/framework/src/Illuminate/Foundation/Http/Middleware/TrimStrings.php(40): Illuminate\\Foundation\\Http\\Middleware\\TransformsRequest->handle(Object(Illuminate\\Http\\Request), Object(Closure))
#36 /Applications/MAMP/htdocs/proyectos/aplicaciones web/Angular/ticketsApp/backend-api-tickets/vendor/laravel/framework/src/Illuminate/Pipeline/Pipeline.php(167): Illuminate\\Foundation\\Http\\Middleware\\TrimStrings->handle(Object(Illuminate\\Http\\Request), Object(Closure))
#37 /Applications/MAMP/htdocs/proyectos/aplicaciones web/Angular/ticketsApp/backend-api-tickets/vendor/laravel/framework/src/Illuminate/Foundation/Http/Middleware/ValidatePostSize.php(27): Illuminate\\Pipeline\\Pipeline->{closure:{closure:Illuminate\\Pipeline\\Pipeline::carry():142}:143}(Object(Illuminate\\Http\\Request))
#38 /Applications/MAMP/htdocs/proyectos/aplicaciones web/Angular/ticketsApp/backend-api-tickets/vendor/laravel/framework/src/Illuminate/Pipeline/Pipeline.php(167): Illuminate\\Foundation\\Http\\Middleware\\ValidatePostSize->handle(Object(Illuminate\\Http\\Request), Object(Closure))
#39 /Applications/MAMP/htdocs/proyectos/aplicaciones web/Angular/ticketsApp/backend-api-tickets/vendor/laravel/framework/src/Illuminate/Foundation/Http/Middleware/PreventRequestsDuringMaintenance.php(86): Illuminate\\Pipeline\\Pipeline->{closure:{closure:Illuminate\\Pipeline\\Pipeline::carry():142}:143}(Object(Illuminate\\Http\\Request))
#40 /Applications/MAMP/htdocs/proyectos/aplicaciones web/Angular/ticketsApp/backend-api-tickets/vendor/laravel/framework/src/Illuminate/Pipeline/Pipeline.php(167): Illuminate\\Foundation\\Http\\Middleware\\PreventRequestsDuringMaintenance->handle(Object(Illuminate\\Http\\Request), Object(Closure))
#41 /Applications/MAMP/htdocs/proyectos/aplicaciones web/Angular/ticketsApp/backend-api-tickets/vendor/fruitcake/laravel-cors/src/HandleCors.php(52): Illuminate\\Pipeline\\Pipeline->{closure:{closure:Illuminate\\Pipeline\\Pipeline::carry():142}:143}(Object(Illuminate\\Http\\Request))
#42 /Applications/MAMP/htdocs/proyectos/aplicaciones web/Angular/ticketsApp/backend-api-tickets/vendor/laravel/framework/src/Illuminate/Pipeline/Pipeline.php(167): Fruitcake\\Cors\\HandleCors->handle(Object(Illuminate\\Http\\Request), Object(Closure))
#43 /Applications/MAMP/htdocs/proyectos/aplicaciones web/Angular/ticketsApp/backend-api-tickets/vendor/laravel/framework/src/Illuminate/Http/Middleware/TrustProxies.php(39): Illuminate\\Pipeline\\Pipeline->{closure:{closure:Illuminate\\Pipeline\\Pipeline::carry():142}:143}(Object(Illuminate\\Http\\Request))
#44 /Applications/MAMP/htdocs/proyectos/aplicaciones web/Angular/ticketsApp/backend-api-tickets/vendor/laravel/framework/src/Illuminate/Pipeline/Pipeline.php(167): Illuminate\\Http\\Middleware\\TrustProxies->handle(Object(Illuminate\\Http\\Request), Object(Closure))
#45 /Applications/MAMP/htdocs/proyectos/aplicaciones web/Angular/ticketsApp/backend-api-tickets/vendor/laravel/framework/src/Illuminate/Pipeline/Pipeline.php(103): Illuminate\\Pipeline\\Pipeline->{closure:{closure:Illuminate\\Pipeline\\Pipeline::carry():142}:143}(Object(Illuminate\\Http\\Request))
#46 /Applications/MAMP/htdocs/proyectos/aplicaciones web/Angular/ticketsApp/backend-api-tickets/vendor/laravel/framework/src/Illuminate/Foundation/Http/Kernel.php(142): Illuminate\\Pipeline\\Pipeline->then(Object(Closure))
#47 /Applications/MAMP/htdocs/proyectos/aplicaciones web/Angular/ticketsApp/backend-api-tickets/vendor/laravel/framework/src/Illuminate/Foundation/Http/Kernel.php(111): Illuminate\\Foundation\\Http\\Kernel->sendRequestThroughRouter(Object(Illuminate\\Http\\Request))
#48 /Applications/MAMP/htdocs/proyectos/aplicaciones web/Angular/ticketsApp/backend-api-tickets/public/index.php(51): Illuminate\\Foundation\\Http\\Kernel->handle(Object(Illuminate\\Http\\Request))
#49 /Applications/MAMP/htdocs/proyectos/aplicaciones web/Angular/ticketsApp/backend-api-tickets/server.php(21): require_once('/Applications/M...')
#50 {main}
"} 
